<?xml version="1.0" encoding="UTF-8"?>
<!-- Generated by org.testng.reporters.JUnitReportReporter -->
<testsuite skipped="0" hostname="DESKTOP-OTNKU12" name="Traning.LoginTest" tests="3" failures="0" timestamp="2023-05-11T13:15:34 IST" time="49.929" errors="0">
  <testcase name="validLogin" time="17.664" classname="Traning.LoginTest"/>
  <system-out/>
  <testcase name="validLogin" time="22.696" classname="Traning.LoginTest"/>
  <system-out/>
  <testcase name="validLogin" time="9.569" classname="Traning.LoginTest"/>
  <system-out/>
</testsuite> <!-- Traning.LoginTest -->
