<?xml version="1.0" encoding="UTF-8"?>
<!-- Generated by org.testng.reporters.JUnitReportReporter -->
<testsuite skipped="0" hostname="DESKTOP-OTNKU12" name="Traning.LoginTest1" tests="1" failures="0" timestamp="2023-05-11T12:17:28 IST" time="9.536" errors="0">
  <testcase name="validLogin" time="9.536" classname="Traning.LoginTest1"/>
  <system-out/>
</testsuite> <!-- Traning.LoginTest1 -->
