<?xml version="1.0" encoding="UTF-8"?>
<!-- Generated by org.testng.reporters.JUnitReportReporter -->
<testsuite skipped="0" hostname="DESKTOP-OTNKU12" name="Traning.test" tests="1" failures="0" timestamp="2023-05-09T15:22:50 IST" time="17.128" errors="0">
  <testcase name="javaSearchTest" time="17.128" classname="Traning.test"/>
  <system-out/>
</testsuite> <!-- Traning.test -->
